[    0.000000] Linux version 4.15.0-161-generic (buildd@lcy01-amd64-012) (gcc version 7.5.0 (Ubuntu 7.5.0-3ubuntu1~18.04)) #169-Ubuntu SMP Fri Oct 15 13:41:54 UTC 2021 (Ubuntu 4.15.0-161.169-generic 4.15.18)
[    0.000000] Command line: BOOT_IMAGE=/boot/vmlinuz-4.15.0-161-generic root=UUID=1735f885-36e1-4ad8-bba8-54c81ae77c51 ro console=tty1 console=ttyS0
[    0.000000] KERNEL supported cpus:
[    0.000000]   Intel GenuineIntel
[    0.000000]   AMD AuthenticAMD
[    0.000000]   Centaur CentaurHauls
[    0.000000] x86/fpu: x87 FPU will use FXSAVE
[    0.000000] e820: BIOS-provided physical RAM map:
[    0.000000] BIOS-e820: [mem 0x0000000000000000-0x000000000009fbff] usable
[    0.000000] BIOS-e820: [mem 0x000000000009fc00-0x000000000009ffff] reserved
[    0.000000] BIOS-e820: [mem 0x00000000000f0000-0x00000000000fffff] reserved
[    0.000000] BIOS-e820: [mem 0x0000000000100000-0x000000003ffeffff] usable
[    0.000000] BIOS-e820: [mem 0x000000003fff0000-0x000000003fffffff] ACPI data
[    0.000000] BIOS-e820: [mem 0x00000000fec00000-0x00000000fec00fff] reserved
[    0.000000] BIOS-e820: [mem 0x00000000fee00000-0x00000000fee00fff] reserved
[    0.000000] BIOS-e820: [mem 0x00000000fffc0000-0x00000000ffffffff] reserved
[    0.000000] NX (Execute Disable) protection: active
[    0.000000] SMBIOS 2.5 present.
[    0.000000] DMI: innotek GmbH VirtualBox/VirtualBox, BIOS VirtualBox 12/01/2006
[    0.000000] Hypervisor detected: KVM
[    0.000000] e820: last_pfn = 0x3fff0 max_arch_pfn = 0x400000000
[    0.000000] MTRR: Disabled
[    0.000000] x86/PAT: MTRRs disabled, skipping PAT initialization too.
[    0.000000] CPU MTRRs all blank - virtualized system.
[    0.000000] x86/PAT: Configuration [0-7]: WB  WT  UC- UC  WB  WT  UC- UC  
[    0.000000] found SMP MP-table at [mem 0x0009fff0-0x0009ffff]
[    0.000000] Scanning 1 areas for low memory corruption
[    0.000000] RAMDISK: [mem 0x3581b000-0x36c04fff]
[    0.000000] ACPI: Early table checksum verification disabled
[    0.000000] ACPI: RSDP 0x00000000000E0000 000024 (v02 VBOX  )
[    0.000000] ACPI: XSDT 0x000000003FFF0030 00003C (v01 VBOX   VBOXXSDT 00000001 ASL  00000061)
[    0.000000] ACPI: FACP 0x000000003FFF00F0 0000F4 (v04 VBOX   VBOXFACP 00000001 ASL  00000061)
[    0.000000] ACPI: DSDT 0x000000003FFF0470 002325 (v02 VBOX   VBOXBIOS 00000002 INTL 20100528)
[    0.000000] ACPI: FACS 0x000000003FFF0200 000040
[    0.000000] ACPI: FACS 0x000000003FFF0200 000040
[    0.000000] ACPI: APIC 0x000000003FFF0240 00005C (v02 VBOX   VBOXAPIC 00000001 ASL  00000061)
[    0.000000] ACPI: SSDT 0x000000003FFF02A0 0001CC (v01 VBOX   VBOXCPUT 00000002 INTL 20100528)
[    0.000000] ACPI: Reserving FACP table memory at [mem 0x3fff00f0-0x3fff01e3]
[    0.000000] ACPI: Reserving DSDT table memory at [mem 0x3fff0470-0x3fff2794]
[    0.000000] ACPI: Reserving FACS table memory at [mem 0x3fff0200-0x3fff023f]
[    0.000000] ACPI: Reserving FACS table memory at [mem 0x3fff0200-0x3fff023f]
[    0.000000] ACPI: Reserving APIC table memory at [mem 0x3fff0240-0x3fff029b]
[    0.000000] ACPI: Reserving SSDT table memory at [mem 0x3fff02a0-0x3fff046b]
[    0.000000] No NUMA configuration found
[    0.000000] Faking a node at [mem 0x0000000000000000-0x000000003ffeffff]
[    0.000000] NODE_DATA(0) allocated [mem 0x3ffc5000-0x3ffeffff]
[    0.000000] kvm-clock: cpu 0, msr 0:3ff44001, primary cpu clock
[    0.000000] kvm-clock: Using msrs 4b564d01 and 4b564d00
[    0.000000] kvm-clock: using sched offset of 8038811166 cycles
[    0.000000] clocksource: kvm-clock: mask: 0xffffffffffffffff max_cycles: 0x1cd42e4dffb, max_idle_ns: 881590591483 ns
[    0.000000] Zone ranges:
[    0.000000]   DMA      [mem 0x0000000000001000-0x0000000000ffffff]
[    0.000000]   DMA32    [mem 0x0000000001000000-0x000000003ffeffff]
[    0.000000]   Normal   empty
[    0.000000]   Device   empty
[    0.000000] Movable zone start for each node
[    0.000000] Early memory node ranges
[    0.000000]   node   0: [mem 0x0000000000001000-0x000000000009efff]
[    0.000000]   node   0: [mem 0x0000000000100000-0x000000003ffeffff]
[    0.000000] Reserved but unavailable: 104 pages
[    0.000000] Initmem setup node 0 [mem 0x0000000000001000-0x000000003ffeffff]
[    0.000000] ACPI: PM-Timer IO Port: 0x4008
[    0.000000] IOAPIC[0]: apic_id 2, version 32, address 0xfec00000, GSI 0-23
[    0.000000] ACPI: INT_SRC_OVR (bus 0 bus_irq 0 global_irq 2 dfl dfl)
[    0.000000] ACPI: INT_SRC_OVR (bus 0 bus_irq 9 global_irq 9 low level)
[    0.000000] Using ACPI (MADT) for SMP configuration information
[    0.000000] smpboot: Allowing 2 CPUs, 0 hotplug CPUs
[    0.000000] PM: Registered nosave memory: [mem 0x00000000-0x00000fff]
[    0.000000] PM: Registered nosave memory: [mem 0x0009f000-0x0009ffff]
[    0.000000] PM: Registered nosave memory: [mem 0x000a0000-0x000effff]
[    0.000000] PM: Registered nosave memory: [mem 0x000f0000-0x000fffff]
[    0.000000] e820: [mem 0x40000000-0xfebfffff] available for PCI devices
[    0.000000] Booting paravirtualized kernel on KVM
[    0.000000] clocksource: refined-jiffies: mask: 0xffffffff max_cycles: 0xffffffff, max_idle_ns: 7645519600211568 ns
[    0.000000] random: get_random_bytes called from start_kernel+0x99/0x500 with crng_init=0
[    0.000000] setup_percpu: NR_CPUS:8192 nr_cpumask_bits:2 nr_cpu_ids:2 nr_node_ids:1
[    0.000000] percpu: Embedded 45 pages/cpu s147456 r8192 d28672 u1048576
[    0.000000] PV qspinlock hash table entries: 256 (order: 0, 4096 bytes)
[    0.000000] Built 1 zonelists, mobility grouping on.  Total pages: 257913
[    0.000000] Policy zone: DMA32
[    0.000000] Kernel command line: BOOT_IMAGE=/boot/vmlinuz-4.15.0-161-generic root=UUID=1735f885-36e1-4ad8-bba8-54c81ae77c51 ro console=tty1 console=ttyS0
[    0.000000] Memory: 981844K/1048120K available (12300K kernel code, 2483K rwdata, 4320K rodata, 2448K init, 2724K bss, 66276K reserved, 0K cma-reserved)
[    0.000000] SLUB: HWalign=64, Order=0-3, MinObjects=0, CPUs=2, Nodes=1
[    0.000000] Kernel/User page tables isolation: enabled
[    0.000000] ftrace: allocating 39475 entries in 155 pages
[    0.004000] Hierarchical RCU implementation.
[    0.004000] 	RCU restricting CPUs from NR_CPUS=8192 to nr_cpu_ids=2.
[    0.004000] 	Tasks RCU enabled.
[    0.004000] RCU: Adjusting geometry for rcu_fanout_leaf=16, nr_cpu_ids=2
[    0.004000] NR_IRQS: 524544, nr_irqs: 440, preallocated irqs: 16
[    0.004000] Console: colour VGA+ 80x25
[    0.004000] console [tty1] enabled
[    0.004000] console [ttyS0] enabled
[    0.004000] ACPI: Core revision 20170831
[    0.004000] ACPI: 2 ACPI AML tables successfully acquired and loaded
[    0.004000] APIC: Switch to symmetric I/O mode setup
[    0.008000] ..TIMER: vector=0x30 apic1=0 pin1=2 apic2=-1 pin2=-1
[    0.008012] tsc: Detected 2592.008 MHz processor
[    0.012019] Calibrating delay loop (skipped) preset value.. 5184.01 BogoMIPS (lpj=10368032)
[    0.016013] pid_max: default: 32768 minimum: 301
[    0.020168] Security Framework initialized
[    0.024074] Yama: becoming mindful.
[    0.032445] AppArmor: AppArmor initialized
[    0.047027] Dentry cache hash table entries: 131072 (order: 8, 1048576 bytes)
[    0.057245] Inode-cache hash table entries: 65536 (order: 7, 524288 bytes)
[    0.064181] Mount-cache hash table entries: 2048 (order: 2, 16384 bytes)
[    0.068198] Mountpoint-cache hash table entries: 2048 (order: 2, 16384 bytes)
[    0.079326] Last level iTLB entries: 4KB 64, 2MB 8, 4MB 8
[    0.080016] Last level dTLB entries: 4KB 64, 2MB 0, 4MB 0, 1GB 4
[    0.084011] Spectre V1 : Mitigation: usercopy/swapgs barriers and __user pointer sanitization
[    0.088016] Spectre V2 : Mitigation: Full generic retpoline
[    0.092008] Spectre V2 : Spectre v2 / SpectreRSB mitigation: Filling RSB on context switch
[    0.096015] Speculative Store Bypass: Vulnerable
[    0.100080] MDS: Mitigation: Clear CPU buffers
[    0.104316] Freeing SMP alternatives memory: 36K
[    0.223857] smpboot: CPU0: Intel(R) Core(TM) i7-9750H CPU @ 2.60GHz (family: 0x6, model: 0x9e, stepping: 0xa)
[    0.224000] Performance Events: unsupported p6 CPU model 158 no PMU driver, software events only.
[    0.224000] Hierarchical SRCU implementation.
[    0.224000] NMI watchdog: Perf event create on CPU 0 failed with -2
[    0.224009] NMI watchdog: Perf NMI watchdog permanently disabled
[    0.228732] smp: Bringing up secondary CPUs ...
[    0.237642] x86: Booting SMP configuration:
[    0.240012] .... node  #0, CPUs:      #1
[    0.004000] kvm-clock: cpu 1, msr 0:3ff44041, secondary cpu clock
[    0.274610] TSC synchronization [CPU#0 -> CPU#1]:
[    0.276000] Measured 116676 cycles TSC warp between CPUs, turning off TSC clock.
[    0.276000] tsc: Marking TSC unstable due to check_tsc_sync_source failed
[    0.280760] smp: Brought up 1 node, 2 CPUs
[    0.284016] smpboot: Max logical packages: 1
[    0.288013] smpboot: Total of 2 processors activated (10368.03 BogoMIPS)
[    0.300012] devtmpfs: initialized
[    0.304323] x86/mm: Memory block size: 128MB
[    0.308848] evm: security.selinux
[    0.312013] evm: security.SMACK64
[    0.316011] evm: security.SMACK64EXEC
[    0.320018] evm: security.SMACK64TRANSMUTE
[    0.324012] evm: security.SMACK64MMAP
[    0.328010] evm: security.apparmor
[    0.332008] evm: security.ima
[    0.336007] evm: security.capability
[    0.344935] clocksource: jiffies: mask: 0xffffffff max_cycles: 0xffffffff, max_idle_ns: 7645041785100000 ns
[    0.348027] futex hash table entries: 512 (order: 3, 32768 bytes)
[    0.352595] pinctrl core: initialized pinctrl subsystem
[    0.357143] RTC time:  0:59:32, date: 10/24/21
[    0.366498] NET: Registered protocol family 16
[    0.368623] audit: initializing netlink subsys (disabled)
[    0.376049] audit: type=2000 audit(1635037180.167:1): state=initialized audit_enabled=0 res=1
[    0.404174] cpuidle: using governor ladder
[    0.408097] cpuidle: using governor menu
[    0.412136] ACPI: bus type PCI registered
[    0.416009] acpiphp: ACPI Hot Plug PCI Controller Driver version: 0.5
[    0.421189] PCI: Using configuration type 1 for base access
[    0.436582] HugeTLB registered 2.00 MiB page size, pre-allocated 0 pages
[    0.452849] ACPI: Added _OSI(Module Device)
[    0.456015] ACPI: Added _OSI(Processor Device)
[    0.460009] ACPI: Added _OSI(3.0 _SCP Extensions)
[    0.464012] ACPI: Added _OSI(Processor Aggregator Device)
[    0.468012] ACPI: Added _OSI(Linux-Dell-Video)
[    0.472014] ACPI: Added _OSI(Linux-Lenovo-NV-HDMI-Audio)
[    0.476014] ACPI: Added _OSI(Linux-HPI-Hybrid-Graphics)
[    0.482176] ACPI: Executed 1 blocks of module-level executable AML code
[    0.498263] ACPI: Interpreter enabled
[    0.500059] ACPI: (supports S0 S5)
[    0.504010] ACPI: Using IOAPIC for interrupt routing
[    0.509383] PCI: Using host bridge windows from ACPI; if necessary, use "pci=nocrs" and report a bug
[    0.512886] ACPI: Enabled 2 GPEs in block 00 to 07
[    0.560321] ACPI: PCI Root Bridge [PCI0] (domain 0000 [bus 00-ff])
[    0.564024] acpi PNP0A03:00: _OSC: OS supports [ASPM ClockPM Segments MSI]
[    0.569827] acpi PNP0A03:00: _OSC: not requesting OS control; OS requires [ExtendedConfig ASPM ClockPM MSI]
[    0.572047] acpi PNP0A03:00: fail to add MMCONFIG information, can't access extended PCI configuration space under this bridge.
[    0.580148] PCI host bridge to bus 0000:00
[    0.584014] pci_bus 0000:00: root bus resource [io  0x0000-0x0cf7 window]
[    0.588013] pci_bus 0000:00: root bus resource [io  0x0d00-0xffff window]
[    0.592016] pci_bus 0000:00: root bus resource [mem 0x000a0000-0x000bffff window]
[    0.596013] pci_bus 0000:00: root bus resource [mem 0x40000000-0xfdffffff window]
[    0.600015] pci_bus 0000:00: root bus resource [bus 00-ff]
[    0.621436] pci 0000:00:01.1: legacy IDE quirk: reg 0x10: [io  0x01f0-0x01f7]
[    0.624015] pci 0000:00:01.1: legacy IDE quirk: reg 0x14: [io  0x03f6]
[    0.628015] pci 0000:00:01.1: legacy IDE quirk: reg 0x18: [io  0x0170-0x0177]
[    0.632017] pci 0000:00:01.1: legacy IDE quirk: reg 0x1c: [io  0x0376]
[    0.740323] pci 0000:00:07.0: quirk: [io  0x4000-0x403f] claimed by PIIX4 ACPI
[    0.776187] pci 0000:00:07.0: quirk: [io  0x4100-0x410f] claimed by PIIX4 SMB
[    0.845867] ACPI: PCI Interrupt Link [LNKA] (IRQs 5 9 10 *11)
[    0.876047] ACPI: PCI Interrupt Link [LNKB] (IRQs 5 9 *10 11)
[    0.900531] ACPI: PCI Interrupt Link [LNKC] (IRQs 5 *9 10 11)
[    0.928531] ACPI: PCI Interrupt Link [LNKD] (IRQs 5 9 10 *11)
[    0.957618] SCSI subsystem initialized
[    0.976482] pci 0000:00:02.0: vgaarb: setting as boot VGA device
[    0.980000] pci 0000:00:02.0: vgaarb: VGA device added: decodes=io+mem,owns=io+mem,locks=none
[    1.048024] pci 0000:00:02.0: vgaarb: bridge control possible
[    1.076011] vgaarb: loaded
[    1.088157] ACPI: bus type USB registered
[    1.108110] usbcore: registered new interface driver usbfs
[    1.132098] usbcore: registered new interface driver hub
[    1.164038] usbcore: registered new device driver usb
[    1.192613] EDAC MC: Ver: 3.0.0
[    1.220991] PCI: Using ACPI for IRQ routing
[    1.244383] NetLabel: Initializing
[    1.260010] NetLabel:  domain hash size = 128
[    1.280008] NetLabel:  protocols = UNLABELED CIPSOv4 CALIPSO
[    1.308045] NetLabel:  unlabeled traffic allowed by default
[    1.344677] clocksource: Switched to clocksource kvm-clock
[    1.512552] VFS: Disk quotas dquot_6.6.0
[    1.522872] VFS: Dquot-cache hash table entries: 512 (order 0, 4096 bytes)
[    1.539453] AppArmor: AppArmor Filesystem Enabled
[    1.554328] pnp: PnP ACPI init
[    1.575300] pnp: PnP ACPI: found 3 devices
[    1.658084] clocksource: acpi_pm: mask: 0xffffff max_cycles: 0xffffff, max_idle_ns: 2085701024 ns
[    1.660931] NET: Registered protocol family 2
[    1.660931] IP idents hash table entries: 16384 (order: 5, 131072 bytes)
[    1.707031] TCP established hash table entries: 8192 (order: 4, 65536 bytes)
[    1.723147] TCP bind hash table entries: 8192 (order: 5, 131072 bytes)
[    1.741546] TCP: Hash tables configured (established 8192 bind 8192)
[    1.744324] UDP hash table entries: 512 (order: 2, 16384 bytes)
[    1.744324] UDP-Lite hash table entries: 512 (order: 2, 16384 bytes)
[    1.744324] NET: Registered protocol family 1
[    1.744324] pci 0000:00:00.0: Limiting direct PCI/PCI transfers
[    1.799449] pci 0000:00:01.0: Activating ISA DMA hang workarounds
[    1.803201] pci 0000:00:02.0: Video device with shadowed ROM at [mem 0x000c0000-0x000dffff]
[    1.803201] Unpacking initramfs...
[    3.188371] Freeing initrd memory: 20392K
[    3.198086] clocksource: tsc: mask: 0xffffffffffffffff max_cycles: 0x255cbea3061, max_idle_ns: 440795313801 ns
[    3.218219] platform rtc_cmos: registered platform RTC device (no PNP device found)
[    3.237936] Scanning for low memory corruption every 60 seconds
[    3.258609] Initialise system trusted keyrings
[    3.268686] Key type blacklist registered
[    3.280568] workingset: timestamp_bits=36 max_order=18 bucket_order=0
[    3.302307] zbud: loaded
[    3.311974] squashfs: version 4.0 (2009/01/31) Phillip Lougher
[    3.328971] fuse init (API version 7.26)
[    3.401876] Key type asymmetric registered
[    3.410408] Asymmetric key parser 'x509' registered
[    3.421694] Block layer SCSI generic (bsg) driver version 0.4 loaded (major 246)
[    3.437899] io scheduler noop registered
[    3.446170] io scheduler deadline registered
[    3.454951] io scheduler cfq registered (default)
[    3.466704] ACPI: AC Adapter [AC] (on-line)
[    3.475548] input: Power Button as /devices/LNXSYSTM:00/LNXPWRBN:00/input/input0
[    3.491606] ACPI: Power Button [PWRF]
[    3.501532] input: Sleep Button as /devices/LNXSYSTM:00/LNXSLPBN:00/input/input1
[    3.504674] ACPI: Sleep Button [SLPF]
[    3.530235] ACPI: Battery Slot [BAT0] (battery present)
[    3.544411] Serial: 8250/16550 driver, 32 ports, IRQ sharing enabled
[    3.594534] 00:02: ttyS0 at I/O 0x3f8 (irq = 4, base_baud = 115200) is a 16550A
[    3.649199] Linux agpgart interface v0.103
[    3.679152] loop: module loaded
[    3.691476] scsi host0: ata_piix
[    3.700968] scsi host1: ata_piix
[    3.708042] ata1: PATA max UDMA/33 cmd 0x1f0 ctl 0x3f6 bmdma 0xd000 irq 14
[    3.711889] ata2: PATA max UDMA/33 cmd 0x170 ctl 0x376 bmdma 0xd008 irq 15
[    3.739654] libphy: Fixed MDIO Bus: probed
[    3.750152] tun: Universal TUN/TAP device driver, 1.6
[    3.762865] PPP generic driver version 2.4.2
[    3.775223] ehci_hcd: USB 2.0 'Enhanced' Host Controller (EHCI) Driver
[    3.789409] ehci-pci: EHCI PCI platform driver
[    3.799043] ehci-platform: EHCI generic platform driver
[    3.810699] ohci_hcd: USB 1.1 'Open' Host Controller (OHCI) Driver
[    3.828055] ohci-pci: OHCI PCI platform driver
[    3.841518] ohci-platform: OHCI generic platform driver
[    3.858737] uhci_hcd: USB Universal Host Controller Interface driver
[    3.874026] i8042: PNP: PS/2 Controller [PNP0303:PS2K,PNP0f03:PS2M] at 0x60,0x64 irq 1,12
[    3.898468] serio: i8042 KBD port at 0x60,0x64 irq 1
[    3.908549] serio: i8042 AUX port at 0x60,0x64 irq 12
[    3.919545] mousedev: PS/2 mouse device common for all mice
[    3.935251] rtc_cmos rtc_cmos: rtc core: registered rtc_cmos as rtc0
[    3.950261] rtc_cmos rtc_cmos: alarms up to one day, 114 bytes nvram
[    3.964265] i2c /dev entries driver
[    3.972722] device-mapper: uevent: version 1.0.3
[    3.981999] device-mapper: ioctl: 4.37.0-ioctl (2017-09-20) initialised: dm-devel@redhat.com
[    4.003698] ledtrig-cpu: registered to indicate activity on CPUs
[    4.018390] NET: Registered protocol family 10
[    4.030297] input: AT Translated Set 2 keyboard as /devices/platform/i8042/serio0/input/input2
[    4.060875] Segment Routing with IPv6
[    4.069381] NET: Registered protocol family 17
[    4.079788] Key type dns_resolver registered
[    4.090034] mce: Using 0 MCE banks
[    4.097440] RAS: Correctable Errors collector initialized.
[    4.109865] sched_clock: Marking stable (4109751768, 0)->(6272126978, -2162375210)
[    4.129954] registered taskstats version 1
[    4.138890] Loading compiled-in X.509 certificates
[    4.158936] Loaded X.509 cert 'Build time autogenerated kernel key: 1542c441293f32312405dc023a70312e7f0d3f0a'
[    4.182330] Loaded X.509 cert 'Canonical Ltd. Live Patch Signing: 14df34d1a87cf37625abec039ef2bf521249b969'
[    4.202670] Loaded X.509 cert 'Canonical Ltd. Kernel Module Signing: 88f752e560a1e0737e31163a466ad7b70a850c19'
[    4.222610] zswap: loaded using pool lzo/zbud
[    4.257347] Key type big_key registered
[    4.266164] Key type trusted registered
[    4.284338] Key type encrypted registered
[    4.293669] AppArmor: AppArmor sha1 policy hashing enabled
[    4.305641] ima: No TPM chip found, activating TPM-bypass! (rc=-19)
[    4.318941] ima: Allocated hash algorithm: sha1
[    4.331722] evm: HMAC attrs: 0x1
[    4.342173]   Magic number: 9:268:962
[    4.356567] rtc_cmos rtc_cmos: setting system clock to 2021-10-24 00:59:36 UTC (1635037176)
[    4.375075] BIOS EDD facility v0.16 2004-Jun-25, 0 devices found
[    4.387286] EDD information not available.
[    4.403641] Freeing unused kernel image memory: 2448K
[    4.915891] Write protecting the kernel read-only data: 20480k
[    4.930758] Freeing unused kernel image memory: 2008K
[    4.942326] Freeing unused kernel image memory: 1824K
[    4.963842] x86/mm: Checked W+X mappings: passed, no W+X pages found.
[    4.975999] x86/mm: Checking user space page tables
[    4.995081] x86/mm: Checked W+X mappings: passed, no W+X pages found.
Loading, please wait...
starting version 237
[    5.261855] e1000: Intel(R) PRO/1000 Network Driver - version 7.3.21-k8-NAPI
[    5.278686] e1000: Copyright (c) 1999-2006 Intel Corporation.
[    5.299237] Fusion MPT base driver 3.04.20
[    5.310045] Copyright (c) 1999-2008 LSI Corporation
[    5.397716] Fusion MPT SPI Host driver 3.04.20
[    5.641572] input: ImExPS/2 Generic Explorer Mouse as /devices/platform/i8042/serio1/input/input4
[    6.520464] e1000 0000:00:03.0 eth0: (PCI:33MHz:32-bit) 02:c9:26:65:5d:a6
[    6.535253] e1000 0000:00:03.0 eth0: Intel(R) PRO/1000 Network Connection
[    6.557183] mptbase: ioc0: Initiating bringup
[    6.557322] e1000 0000:00:03.0 enp0s3: renamed from eth0
[    6.682189] ioc0: LSI53C1030 A0: Capabilities={Initiator}
[    6.963526] scsi host2: ioc0: LSI53C1030 A0, FwRev=00000000h, Ports=1, MaxQ=256, IRQ=20
[    7.151138] scsi 2:0:0:0: Direct-Access     VBOX     HARDDISK         1.0  PQ: 0 ANSI: 5
[    7.204747] scsi target2:0:0: Beginning Domain Validation
[    7.238003] scsi target2:0:0: Domain Validation skipping write tests
[    7.251965] scsi target2:0:0: Ending Domain Validation
[    7.264369] scsi target2:0:0: asynchronous
[    7.275871] random: fast init done
[    7.288224] scsi 2:0:1:0: Direct-Access     VBOX     HARDDISK         1.0  PQ: 0 ANSI: 5
[    7.336787] scsi target2:0:1: Beginning Domain Validation
[    7.372711] scsi target2:0:1: Domain Validation skipping write tests
[    7.386441] scsi target2:0:1: Ending Domain Validation
[    7.401290] scsi target2:0:1: asynchronous
[    7.441564] random: systemd-udevd: uninitialized urandom read (16 bytes read)
[    7.455966] sd 2:0:0:0: Attached scsi generic sg0 type 0
[    7.458298] sd 2:0:0:0: [sda] 83886080 512-byte logical blocks: (42.9 GB/40.0 GiB)
[    7.469099] random: systemd-udevd: uninitialized urandom read (16 bytes read)
[    7.485795] sd 2:0:0:0: [sda] Write Protect is off
[    7.501142] random: systemd-udevd: uninitialized urandom read (16 bytes read)
[    7.528830] sd 2:0:1:0: Attached scsi generic sg1 type 0
[    7.529897] sd 2:0:0:0: [sda] Incomplete mode parameter data
[    7.555139] sd 2:0:0:0: [sda] Assuming drive cache: write through
[    7.569257] sd 2:0:1:0: [sdb] 20480 512-byte logical blocks: (10.5 MB/10.0 MiB)
[    7.585559] sd 2:0:1:0: [sdb] Write Protect is off
[    7.596914] sd 2:0:1:0: [sdb] Incomplete mode parameter data
[    7.608652] sd 2:0:1:0: [sdb] Assuming drive cache: write through
[    7.629722]  sda: sda1
[    7.645272] sd 2:0:0:0: [sda] Attached SCSI disk
[    7.657401] sd 2:0:1:0: [sdb] Attached SCSI disk
Begin: Loading essential drivers ... [   12.348599] raid6: sse2x1   gen() 115582 MB/s
[   14.345277] raid6: sse2x1   xor() 66016 MB/s
[   16.345212] raid6: sse2x2   gen() 135301 MB/s
[   16.414138] raid6: sse2x2   xor()  4394 MB/s
[   16.477816] raid6: sse2x4   gen()  7566 MB/s
[   16.541660] raid6: sse2x4   xor()  3699 MB/s
[   16.551554] raid6: using algorithm sse2x2 gen() 135301 MB/s
[   16.563878] raid6: .... xor() 4394 MB/s, rmw enabled
[   16.575783] raid6: using ssse3x2 recovery algorithm
[   16.593027] xor: measuring software checksum speed
[   16.640733]    prefetch64-sse: 10746.000 MB/sec
[   16.688780]    generic_sse: 10249.000 MB/sec
[   16.697963] xor: using function: prefetch64-sse (10746.000 MB/sec)
[   16.714733] async_tx: api initialized (async)
done.
Begin: Running /scripts/init-premount ... done.
Begin: Mounting root file system ... Begin: Running /scripts/local-top ... done.
Begin: Running /scripts/local-premount ... [   16.903814] Btrfs loaded, crc32c=crc32c-intel
Scanning for Btrfs filesystems
done.
Begin: Will now check root file system ... fsck from util-linux 2.31.1
[/sbin/fsck.ext4 (1) -- /dev/sda1] fsck.ext4 -a -C0 /dev/sda1 
cloudimg-rootfs: recovering journal
cloudimg-rootfs: Clearing orphaned inode 2087 (uid=0, gid=0, mode=0100644, size=536648)
cloudimg-rootfs: Clearing orphaned inode 2021 (uid=0, gid=0, mode=0100755, size=219272)
cloudimg-rootfs: Clearing orphaned inode 2003 (uid=0, gid=0, mode=0100644, size=2367728)
cloudimg-rootfs: Clearing orphaned inode 2164 (uid=0, gid=0, mode=0100644, size=253944)
cloudimg-rootfs: Clearing orphaned inode 2191 (uid=0, gid=0, mode=0100644, size=121016)
cloudimg-rootfs: Clearing orphaned inode 2185 (uid=0, gid=0, mode=0100644, size=1159864)
cloudimg-rootfs: clean, 98831/5120000 files, 836985/10485499 blocks
done.
[   17.443698] EXT4-fs (sda1): mounted filesystem with ordered data mode. Opts: (null)
done.
Begin: Running /scripts/local-bottom ... done.
Begin: Running /scripts/init-bottom ... done.
[   17.972990] ip_tables: (C) 2000-2006 Netfilter Core Team
[   18.020242] systemd[1]: systemd 237 running in system mode. (+PAM +AUDIT +SELINUX +IMA +APPARMOR +SMACK +SYSVINIT +UTMP +LIBCRYPTSETUP +GCRYPT +GNUTLS +ACL +XZ +LZ4 +SECCOMP +BLKID +ELFUTILS +KMOD -IDN2 +IDN -PCRE2 default-hierarchy=hybrid)
[   18.056999] systemd[1]: Detected virtualization oracle.
[   18.066799] systemd[1]: Detected architecture x86-64.

Welcome to [1mUbuntu 18.04.5 LTS[0m!

[   18.143466] systemd[1]: Set hostname to <ubuntu-bionic>.
[   18.989348] systemd[1]: Reached target User and Group Name Lookups.
[[0;32m  OK  [0m] Reached target User and Group Name Lookups.
[   19.006499] systemd[1]: Reached target Swap.
[[0;32m  OK  [0m] Reached target Swap.
[   19.019064] systemd[1]: Set up automount Arbitrary Executable File Formats File System Automount Point.
[[0;32m  OK  [0m] Set up automount Arbitrary Executab…rmats File System Automount Point.
[   19.074844] systemd[1]: Created slice System Slice.
[[0;32m  OK  [0m] Created slice System Slice.
[   19.089046] systemd[1]: Listening on Journal Socket (/dev/log).
[[0;32m  OK  [0m] Listening on Journal Socket (/dev/log).
[   19.105164] systemd[1]: Listening on Syslog Socket.
[[0;32m  OK  [0m] Listening on Syslog Socket.
[[0;32m  OK  [0m] Listening on /dev/initctl Compatibility Named Pipe.
[[0;32m  OK  [0m] Created slice system-serial\x2dgetty.slice.
[[0;32m  OK  [0m] Listening on LVM2 poll daemon socket.
[[0;32m  OK  [0m] Listening on udev Kernel Socket.
[[0;32m  OK  [0m] Listening on Network Service Netlink Socket.
[[0;32m  OK  [0m] Listening on Journal Socket.
         Mounting Kernel Debug File System...
         Starting Load Kernel Modules...
         Starting Uncomplicated firewall...
[   19.183698] Loading iSCSI transport class v2.0-870.
[[0;32m  OK  [0m] Listening on LVM2 metadata daemon socket.
[[0;32m  OK  [0m] Started Forward Password Requests to Wall Directory Watch.
         Mounting Huge Pages File System...
[[0;32m  OK  [0m] Created slice User and Session Slice.
[[0;32m  OK  [0m] Reached target Slices.
         Mounting POSIX Message Queue File System...
         Starting Create list of required st…ce nodes for the current kernel...
[[0;32m  OK  [0m] Listening on udev Control Socket.
[   19.266463] iscsi: registered transport (tcp)
         Starting udev Coldplug all Devices...
         Starting Set the console keyboard layout...
[[0;32m  OK  [0m] Reached target System Time Synchronized.
[[0;32m  OK  [0m] Listening on fsck to fsckd communication Socket.
         Starting Remount Root and Kernel File Systems...
[[0;32m  OK  [0m] Listening on Journal Audit Socket.
         Starting Journal Service...
[[0;32m  OK  [0m] Listening on Device-mapper event daemon FIFOs.
         Starting Monitoring of LVM2 mirrors…ng dmeventd or progress polling...
[[0;32m  OK  [0m] Mounted Kernel Debug File System.
[[0;32m  OK  [0m] Started Uncomplicated firewall.
[[0;32m  OK  [0m] Mounted Huge Pages File System.
[[0;32m  OK  [0m] Mounted POSIX Message Queue File System.
[[0;32m  OK  [0m] Started Create list of required sta…vice nodes for the current kernel.
         Starting Create Static Device Nodes in /dev...
[   19.489936] EXT4-fs (sda1): re-mounted. Opts: (null)
[[0;32m  OK  [0m] Started Remount Root and Kernel File Systems.
[[0;32m  OK  [0m] Started udev Coldplug all Devices.
         Starting Load/Save Random Seed...
[[0;32m  OK  [0m] Started Load/Save Random Seed.
[[0;32m  OK  [0m] Started LVM2 metadata daemon.
[[0;32m  OK  [0m] Started Create Static Device Nodes in /dev.
         Starting udev Kernel Device Manager...
[   19.749720] iscsi: registered transport (iser)
[   19.762053] random: crng init done
[   19.770704] random: 7 urandom warning(s) missed due to ratelimiting
[[0;32m  OK  [0m] Started Load Kernel Modules.
         Starting Apply Kernel Variables...
         Mounting FUSE Control File System...
         Mounting Kernel Configuration File System...
[[0;32m  OK  [0m] Started Monitoring of LVM2 mirrors,…sing dmeventd or progress polling.
[[0;32m  OK  [0m] Mounted FUSE Control File System.
[[0;32m  OK  [0m] Mounted Kernel Configuration File System.
[[0;32m  OK  [0m] Started Journal Service.
         Starting Flush Journal to Persistent Storage...
[[0;32m  OK  [0m] Started udev Kernel Device Manager.
[[0;32m  OK  [0m] Started Set the console keyboard layout.
[[0;32m  OK  [0m] Reached target Local File Systems (Pre).
[[0;32m  OK  [0m] Reached target Local File Systems.
         Starting Tell Plymouth To Write Out Runtime Data...
         Starting ebtables ruleset management...
         Starting AppArmor initialization...
         Starting Set console font and keymap...
[[0;32m  OK  [0m] Started Dispatch Password Requests to Console Directory Watch.
[[0;32m  OK  [0m] Reached target Local Encrypted Volumes.
[[0;32m  OK  [0m] Started Apply Kernel Variables.
[[0;32m  OK  [0m] Started Tell Plymouth To Write Out Runtime Data.
[[0;32m  OK  [0m] Started Set console font and keymap.
[[0;32m  OK  [0m] Started Flush Journal to Persistent Storage.
         Starting Create Volatile Files and Directories...
[[0;32m  OK  [0m] Started ebtables ruleset management.
[[0;32m  OK  [0m] Started Create Volatile Files and Directories.
         Starting Update UTMP about System Boot/Shutdown...
[[0;32m  OK  [0m] Started Update UTMP about System Boot/Shutdown.
[[0;32m  OK  [0m] Found device /dev/ttyS0.
[[0;32m  OK  [0m] Listening on Load/Save RF Kill Switch Status /dev/rfkill Watch.
[[0;32m  OK  [0m] Started AppArmor initialization.
         Starting Load AppArmor profiles managed internally by snapd...
         Starting Initial cloud-init job (pre-networking)...
[[0;32m  OK  [0m] Started Load AppArmor profiles managed internally by snapd.
[   25.336786] cloud-init[527]: Cloud-init v. 21.2-3-g899bfaa9-0ubuntu2~18.04.1 running 'init-local' at Sun, 24 Oct 2021 00:59:57 +0000. Up 24.88 seconds.
[[0;32m  OK  [0m] Started Initial cloud-init job (pre-networking).
[[0;32m  OK  [0m] Reached target Network (Pre).
         Starting Network Service...
[[0;32m  OK  [0m] Started Network Service.
         Starting Wait for Network to be Configured...
         Starting Network Name Resolution...
[[0;32m  OK  [0m] Started Network Name Resolution.
[[0;32m  OK  [0m] Reached target Network.
[[0;32m  OK  [0m] Reached target Host and Network Name Lookups.
[[0;32m  OK  [0m] Started Wait for Network to be Configured.
         Starting Initial cloud-init job (metadata service crawler)...
[   28.258042] cloud-init[642]: Cloud-init v. 21.2-3-g899bfaa9-0ubuntu2~18.04.1 running 'init' at Sun, 24 Oct 2021 01:00:00 +0000. Up 27.93 seconds.
[   28.275321] cloud-init[642]: ci-info: ++++++++++++++++++++++++++++++++++++++Net device info++++++++++++++++++++++++++++++++++++++
[   28.284598] cloud-init[642]: ci-info: +--------+------+----------------------------+---------------+--------+-------------------+
[   28.293256] cloud-init[642]: ci-info: | Device |  Up  |          Address           |      Mask     | Scope  |     Hw-Address    |
[   28.301951] cloud-init[642]: ci-info: +--------+------+----------------------------+---------------+--------+-------------------+
[   28.310234] cloud-init[642]: ci-info: | enp0s3 | True |         10.0.2.15          | 255.255.255.0 | global | 02:c9:26:65:5d:a6 |
[   28.319762] cloud-init[642]: ci-info: | enp0s3 | True | fe80::c9:26ff:fe65:5da6/64 |       .       |  link  | 02:c9:26:65:5d:a6 |
[   28.331344] cloud-init[642]: ci-info: |   lo   | True |         127.0.0.1          |   255.0.0.0   |  host  |         .         |
[   28.341660] cloud-init[642]: ci-info: |   lo   | True |          ::1/128           |       .       |  host  |         .         |
[   28.355346] cloud-init[642]: ci-info: +--------+------+----------------------------+---------------+--------+-------------------+
[   28.364720] cloud-init[642]: ci-info: ++++++++++++++++++++++++++++Route IPv4 info+++++++++++++++++++++++++++++
[   28.372770] cloud-init[642]: ci-info: +-------+-------------+----------+-----------------+-----------+-------+
[   28.382461] cloud-init[642]: ci-info: | Route | Destination | Gateway  |     Genmask     | Interface | Flags |
[   28.390219] cloud-init[642]: ci-info: +-------+-------------+----------+-----------------+-----------+-------+
[   28.396928] cloud-init[642]: ci-info: |   0   |   0.0.0.0   | 10.0.2.2 |     0.0.0.0     |   enp0s3  |   UG  |
[   28.404755] cloud-init[642]: ci-info: |   1   |   10.0.2.0  | 0.0.0.0  |  255.255.255.0  |   enp0s3  |   U   |
[   28.411911] cloud-init[642]: ci-info: |   2   |   10.0.2.2  | 0.0.0.0  | 255.255.255.255 |   enp0s3  |   UH  |
[   28.418725] cloud-init[642]: ci-info: +-------+-------------+----------+-----------------+-----------+-------+
[   28.426174] cloud-init[642]: ci-info: +++++++++++++++++++Route IPv6 info+++++++++++++++++++
[   28.431618] cloud-init[642]: ci-info: +-------+-------------+---------+-----------+-------+
[   28.437168] cloud-init[642]: ci-info: | Route | Destination | Gateway | Interface | Flags |
[   28.443061] cloud-init[642]: ci-info: +-------+-------------+---------+-----------+-------+
[   28.448943] cloud-init[642]: ci-info: |   1   |  fe80::/64  |    ::   |   enp0s3  |   U   |
[   28.454662] cloud-init[642]: ci-info: |   3   |    local    |    ::   |   enp0s3  |   U   |
[   28.460399] cloud-init[642]: ci-info: |   4   |   ff00::/8  |    ::   |   enp0s3  |   U   |
[   28.466251] cloud-init[642]: ci-info: +-------+-------------+---------+-----------+-------+
[[0;32m  OK  [0m] Started Initial cloud-init job (metadata service crawler).
[[0;32m  OK  [0m] Reached target Cloud-config availability.
[[0;32m  OK  [0m] Reached target System Initialization.
[[0;32m  OK  [0m] Started Ubuntu Advantage update messaging.
[[0;32m  OK  [0m] Listening on ACPID Listen Socket.
[[0;32m  OK  [0m] Started Daily Cleanup of Temporary Directories.
[[0;32m  OK  [0m] Listening on Open-iSCSI iscsid Socket.
[[0;32m  OK  [0m] Listening on D-Bus System Message Bus Socket.
[[0;32m  OK  [0m] Started ACPI Events Check.
[[0;32m  OK  [0m] Started Daily apt download activities.
[[0;32m  OK  [0m] Started Daily apt upgrade and clean activities.
         Starting Socket activation for snappy daemon.
[[0;32m  OK  [0m] Listening on UUID daemon activation socket.
[[0;32m  OK  [0m] Reached target Paths.
         Starting Docker Socket for the API.
[[0;32m  OK  [0m] Started Message of the Day.
         Starting LXD - unix socket.
[[0;32m  OK  [0m] Started Discard unused blocks once a week.
[[0;32m  OK  [0m] Reached target Timers.
[[0;32m  OK  [0m] Reached target Network is Online.
[[0;32m  OK  [0m] Reached target Remote File Systems (Pre).
         Mounting /vagrant...
         Starting Availability of block devices...
[[0;32m  OK  [0m] Listening on Socket activation for snappy daemon.
[[0;32m  OK  [0m] Listening on Docker Socket for the API.
[[0;32m  OK  [0m] Listening on LXD - unix socket.
[[0;32m  OK  [0m] Mounted /vagrant.
[[0;32m  OK  [0m] Started Availability of block devices.
[[0;32m  OK  [0m] Reached target Remote File Systems.
[[0;32m  OK  [0m] Reached target Sockets.
[[0;32m  OK  [0m] Reached target Basic System.
         Starting OpenBSD Secure Shell server...
         Starting LSB: Record successful boot for GRUB...
[[0;32m  OK  [0m] Started Regular background program processing daemon.
         Starting Ubuntu Advantage APT and MOTD Messages...
         Starting LSB: automatic crash report generation...
[[0;32m  OK  [0m] Started D-Bus System Message Bus.
         Starting System Logging Service...
         Starting Message of the Day...
         Starting LXD - container startup/shutdown...
         Starting Login Service...
         Starting Dispatcher daemon for systemd-networkd...
[[0;32m  OK  [0m] Started irqbalance daemon.
[[0;32m  OK  [0m] Started Deferred execution scheduler.
[[0;32m  OK  [0m] Started FUSE filesystem for LXC.
         Starting Virtualbox guest utils...
         Starting Permit User Sessions...
         Starting containerd container runtime...
         Starting Accounts Service...
         Starting Snap Daemon...
[[0;32m  OK  [0m] Started System Logging Service.
[[0;32m  OK  [0m] Started Permit User Sessions.
[[0;32m  OK  [0m] Started Login Service.
[[0;32m  OK  [0m] Started Unattended Upgrades Shutdown.
         Starting Terminate Plymouth Boot Screen...
         Starting Hold until boot process finishes up...
[[0;32m  OK  [0m] Started Hold until boot process finishes up.
         Starting Set console scheme...
[[0;32m  OK  [0m] Started Serial Getty on ttyS0.
[[0;32m  OK  [0m] Started OpenBSD Secure Shell server.
[[0;32m  OK  [0m] Started Terminate Plymouth Boot Screen.
[[0;32m  OK  [0m] Started Set console scheme.
[[0;32m  OK  [0m] Created slice system-getty.slice.
[[0;32m  OK  [0m] Started Getty on tty1.
[[0;32m  OK  [0m] Reached target Login Prompts.
[[0;32m  OK  [0m] Started LSB: Record successful boot for GRUB.
[[0;32m  OK  [0m] Started LSB: automatic crash report generation.
         Starting Authorization Manager...
[[0;32m  OK  [0m] Started Authorization Manager.
[[0;32m  OK  [0m] Started Accounts Service.
[[0;32m  OK  [0m] Started LXD - container startup/shutdown.
[[0;32m  OK  [0m] Started Virtualbox guest utils.
[[0;32m  OK  [0m] Started Dispatcher daemon for systemd-networkd.
[[0;32m  OK  [0m] Started Ubuntu Advantage APT and MOTD Messages.
[[0;32m  OK  [0m] Started containerd container runtime.
         Starting Docker Application Container Engine...

Ubuntu 18.04.5 LTS ubuntu-bionic ttyS0

ubuntu-bionic login: [   38.562574] cloud-init[1061]: Cloud-init v. 21.2-3-g899bfaa9-0ubuntu2~18.04.1 running 'modules:config' at Sun, 24 Oct 2021 01:00:10 +0000. Up 38.23 seconds.
[   40.948991] cloud-init[1269]: Cloud-init v. 21.2-3-g899bfaa9-0ubuntu2~18.04.1 running 'modules:final' at Sun, 24 Oct 2021 01:00:12 +0000. Up 40.73 seconds.
[   40.949361] cloud-init[1269]: Cloud-init v. 21.2-3-g899bfaa9-0ubuntu2~18.04.1 finished at Sun, 24 Oct 2021 01:00:13 +0000. Datasource DataSourceNoCloud [seed=/dev/sdb][dsmode=net].  Up 40.93 seconds
